<?xml version="1.0" encoding="UTF-8"?>
<testsuite xmlns:xsi="http://www.w3.org/2001/XMLSchema-instance" xsi:noNamespaceSchemaLocation="https://maven.apache.org/surefire/maven-surefire-plugin/xsd/surefire-test-report-3.0.xsd" version="3.0" name="com.endava.calculator.CalculatorTest" time="0.177" tests="25" errors="1" skipped="0" failures="3">
  <properties>
[...]
</properties>
  <testcase name="shouldUsePowWith0Base" classname="com.endava.calculator.CalculatorTest" time="0.021">
    <system-out><![CDATA[Before All

Before Each
09:13:55.573 [main] INFO  com.endava.extensions.TestReporterExtensions - 
 starting testCalculatorTest/shouldUsePowWith0Base()
09:13:55.578 [main] INFO  com.endava.extensions.TestReporterExtensions - 
finishing testCalculatorTest/shouldUsePowWith0Base() 
After Each

]]></system-out>
  </testcase>
  <testcase name="shouldMultiplyNoOperands" classname="com.endava.calculator.CalculatorTest" time="0.001">
    <system-out><![CDATA[
Before Each
09:13:55.584 [main] INFO  com.endava.extensions.TestReporterExtensions - 
 starting testCalculatorTest/shouldMultiplyNoOperands()
09:13:55.585 [main] INFO  com.endava.extensions.TestReporterExtensions - 
finishing testCalculatorTest/shouldMultiplyNoOperands() 
After Each

]]></system-out>
  </testcase>
  <testcase name="shouldUsePowWithExponentNegativeNumbers" classname="com.endava.calculator.CalculatorTest" time="0.001">
    <system-out><![CDATA[
Before Each
09:13:55.586 [main] INFO  com.endava.extensions.TestReporterExtensions - 
 starting testCalculatorTest/shouldUsePowWithExponentNegativeNumbers()
09:13:55.587 [main] INFO  com.endava.extensions.TestReporterExtensions - 
finishing testCalculatorTest/shouldUsePowWithExponentNegativeNumbers() 
After Each

]]></system-out>
  </testcase>
  <testcase name="shouldAddBigNumbers" classname="com.endava.calculator.CalculatorTest" time="0.008">
    <system-out><![CDATA[
Before Each
09:13:55.588 [main] INFO  com.endava.extensions.TestReporterExtensions - 
 starting testCalculatorTest/test that adds a big number as : MAX INT
09:13:55.596 [main] INFO  com.endava.extensions.TestReporterExtensions - 
finishing testCalculatorTest/test that adds a big number as : MAX INT 
After Each

]]></system-out>
  </testcase>
  <testcase name="shouldAddNumberGivenOperand0(int, int, long)[1]" classname="com.endava.calculator.CalculatorTest" time="0.012">
    <system-out><![CDATA[
Before Each
09:13:55.610 [main] INFO  com.endava.extensions.TestReporterExtensions - 
 starting testCalculatorTest/[1] 2, 0, 2
09:13:55.621 [main] INFO  com.endava.extensions.TestReporterExtensions - 
finishing testCalculatorTest/[1] 2, 0, 2 
After Each

]]></system-out>
  </testcase>
  <testcase name="shouldAddNumberGivenOperand0(int, int, long)[2]" classname="com.endava.calculator.CalculatorTest" time="0.001">
    <system-out><![CDATA[
Before Each
09:13:55.625 [main] INFO  com.endava.extensions.TestReporterExtensions - 
 starting testCalculatorTest/[2] 0, 2, 2
09:13:55.625 [main] INFO  com.endava.extensions.TestReporterExtensions - 
finishing testCalculatorTest/[2] 0, 2, 2 
After Each

]]></system-out>
  </testcase>
  <testcase name="shouldMultiplyMoreThan2Operands(int, int, int, Long)[1]" classname="com.endava.calculator.CalculatorTest" time="0.001">
    <system-out><![CDATA[
Before Each
09:13:55.691 [main] INFO  com.endava.extensions.TestReporterExtensions - 
 starting testCalculatorTest/[1] 1, 2, 3, 6
09:13:55.692 [main] INFO  com.endava.extensions.TestReporterExtensions - 
finishing testCalculatorTest/[1] 1, 2, 3, 6 
After Each

]]></system-out>
  </testcase>
  <testcase name="shouldMultiplyMoreThan2Operands(int, int, int, Long)[2]" classname="com.endava.calculator.CalculatorTest" time="0.002">
    <failure type="java.lang.AssertionError"><![CDATA[java.lang.AssertionError: 

Expected: is <30L>
     but: was <40L>
	at com.endava.calculator.CalculatorTest.shouldMultiplyMoreThan2Operands(CalculatorTest.java:171)
]]></failure>
    <system-out><![CDATA[
Before Each
09:13:55.694 [main] INFO  com.endava.extensions.TestReporterExtensions - 
 starting testCalculatorTest/[2] 2, 4, 5, 30
09:13:55.695 [main] INFO  com.endava.extensions.TestReporterExtensions - 
finishing testCalculatorTest/[2] 2, 4, 5, 30 
After Each

]]></system-out>
  </testcase>
  <testcase name="shouldMultiplyMoreThan2Operands(int, int, int, Long)[3]" classname="com.endava.calculator.CalculatorTest" time="0.001">
    <system-out><![CDATA[
Before Each
09:13:55.697 [main] INFO  com.endava.extensions.TestReporterExtensions - 
 starting testCalculatorTest/[3] 2, 3, 5, 30
09:13:55.697 [main] INFO  com.endava.extensions.TestReporterExtensions - 
finishing testCalculatorTest/[3] 2, 3, 5, 30 
After Each

]]></system-out>
  </testcase>
  <testcase name="shouldAddNoOperands" classname="com.endava.calculator.CalculatorTest" time="0.001">
    <system-out><![CDATA[
Before Each
09:13:55.698 [main] INFO  com.endava.extensions.TestReporterExtensions - 
 starting testCalculatorTest/shouldAddNoOperands()
09:13:55.699 [main] INFO  com.endava.extensions.TestReporterExtensions - 
finishing testCalculatorTest/shouldAddNoOperands() 
After Each

]]></system-out>
  </testcase>
  <testcase name="shouldMultiplyWithNegativeNumbers" classname="com.endava.calculator.CalculatorTest" time="0.003">
    <failure type="org.opentest4j.AssertionFailedError"><![CDATA[org.opentest4j.AssertionFailedError: expected: <8> but was: <is a value equal to or greater than <8L>>
	at com.endava.calculator.CalculatorTest.shouldMultiplyWithNegativeNumbers(CalculatorTest.java:150)
]]></failure>
    <system-out><![CDATA[
Before Each
09:13:55.700 [main] INFO  com.endava.extensions.TestReporterExtensions - 
 starting testCalculatorTest/shouldMultiplyWithNegativeNumbers()
09:13:55.703 [main] INFO  com.endava.extensions.TestReporterExtensions - 
finishing testCalculatorTest/shouldMultiplyWithNegativeNumbers() 
After Each

]]></system-out>
  </testcase>
  <testcase name="shouldFactorialWith0" classname="com.endava.calculator.CalculatorTest" time="0">
    <failure type="java.lang.AssertionError"><![CDATA[java.lang.AssertionError: 

Expected: is <0>
     but: was <1.0>
	at com.endava.calculator.CalculatorTest.shouldFactorialWith0(CalculatorTest.java:247)
]]></failure>
    <system-out><![CDATA[
Before Each
09:13:55.704 [main] INFO  com.endava.extensions.TestReporterExtensions - 
 starting testCalculatorTest/shouldFactorialWith0()
09:13:55.704 [main] INFO  com.endava.extensions.TestReporterExtensions - 
finishing testCalculatorTest/shouldFactorialWith0() 
After Each

]]></system-out>
  </testcase>
  <testcase name="shouldFactorialWithPositive" classname="com.endava.calculator.CalculatorTest" time="0">
    <system-out><![CDATA[
Before Each
09:13:55.705 [main] INFO  com.endava.extensions.TestReporterExtensions - 
 starting testCalculatorTest/shouldFactorialWithPositive()
09:13:55.705 [main] INFO  com.endava.extensions.TestReporterExtensions - 
finishing testCalculatorTest/shouldFactorialWithPositive() 
After Each

]]></system-out>
  </testcase>
  <testcase name="shouldFactorialWithNegative" classname="com.endava.calculator.CalculatorTest" time="0">
    <error type="java.lang.IllegalArgumentException"><![CDATA[java.lang.IllegalArgumentException: You can not calculate factorial from negative number
	at com.endava.calculator.CalculatorTest.shouldFactorialWithNegative(CalculatorTest.java:255)
]]></error>
    <system-out><![CDATA[
Before Each
09:13:55.706 [main] INFO  com.endava.extensions.TestReporterExtensions - 
 starting testCalculatorTest/shouldFactorialWithNegative()
09:13:55.706 [main] INFO  com.endava.extensions.TestReporterExtensions - 
finishing testCalculatorTest/shouldFactorialWithNegative() 
After Each

]]></system-out>
  </testcase>
  <testcase name="shouldAddMoreThan2Operands(int, int, int, Long)[1]" classname="com.endava.calculator.CalculatorTest" time="0.001">
    <system-out><![CDATA[
Before Each
09:13:55.709 [main] INFO  com.endava.extensions.TestReporterExtensions - 
 starting testCalculatorTest/[1] 1, 2, 3, 6
09:13:55.710 [main] INFO  com.endava.extensions.TestReporterExtensions - 
finishing testCalculatorTest/[1] 1, 2, 3, 6 
After Each

]]></system-out>
  </testcase>
  <testcase name="shouldAddMoreThan2Operands(int, int, int, Long)[2]" classname="com.endava.calculator.CalculatorTest" time="0.002">
    <system-out><![CDATA[
Before Each
09:13:55.711 [main] INFO  com.endava.extensions.TestReporterExtensions - 
 starting testCalculatorTest/[2] 2, 4, 5, 11
09:13:55.711 [main] INFO  com.endava.extensions.TestReporterExtensions - 
finishing testCalculatorTest/[2] 2, 4, 5, 11 
After Each

]]></system-out>
  </testcase>
  <testcase name="shouldAddMoreThan2Operands(int, int, int, Long)[3]" classname="com.endava.calculator.CalculatorTest" time="0.001">
    <system-out><![CDATA[
Before Each
09:13:55.715 [main] INFO  com.endava.extensions.TestReporterExtensions - 
 starting testCalculatorTest/[3] 1, 2, 3, 6
09:13:55.715 [main] INFO  com.endava.extensions.TestReporterExtensions - 
finishing testCalculatorTest/[3] 1, 2, 3, 6 
After Each

]]></system-out>
  </testcase>
  <testcase name="shouldAddMoreThan2Operands(int, int, int, Long)[4]" classname="com.endava.calculator.CalculatorTest" time="0">
    <system-out><![CDATA[
Before Each
09:13:55.716 [main] INFO  com.endava.extensions.TestReporterExtensions - 
 starting testCalculatorTest/[4] 2, 4, 5, 11
09:13:55.716 [main] INFO  com.endava.extensions.TestReporterExtensions - 
finishing testCalculatorTest/[4] 2, 4, 5, 11 
After Each

]]></system-out>
  </testcase>
  <testcase name="shouldAddMoreThan2Operands(int, int, int, Long)[5]" classname="com.endava.calculator.CalculatorTest" time="0.001">
    <system-out><![CDATA[
Before Each
09:13:55.717 [main] INFO  com.endava.extensions.TestReporterExtensions - 
 starting testCalculatorTest/[5] 6, 7, 8, 21
09:13:55.717 [main] INFO  com.endava.extensions.TestReporterExtensions - 
finishing testCalculatorTest/[5] 6, 7, 8, 21 
After Each

]]></system-out>
  </testcase>
  <testcase name="shouldMultiply1Operands" classname="com.endava.calculator.CalculatorTest" time="0">
    <system-out><![CDATA[
Before Each
09:13:55.718 [main] INFO  com.endava.extensions.TestReporterExtensions - 
 starting testCalculatorTest/shouldMultiply1Operands()
09:13:55.718 [main] INFO  com.endava.extensions.TestReporterExtensions - 
finishing testCalculatorTest/shouldMultiply1Operands() 
After Each

]]></system-out>
  </testcase>
  <testcase name="shouldAdd1Operands" classname="com.endava.calculator.CalculatorTest" time="0">
    <system-out><![CDATA[
Before Each
09:13:55.719 [main] INFO  com.endava.extensions.TestReporterExtensions - 
 starting testCalculatorTest/shouldAdd1Operands()
09:13:55.719 [main] INFO  com.endava.extensions.TestReporterExtensions - 
finishing testCalculatorTest/shouldAdd1Operands() 
After Each

]]></system-out>
  </testcase>
  <testcase name="shouldAddNegativeNumbers" classname="com.endava.calculator.CalculatorTest" time="0.001">
    <system-out><![CDATA[
Before Each
09:13:55.720 [main] INFO  com.endava.extensions.TestReporterExtensions - 
 starting testCalculatorTest/shouldAddNegativeNumbers()
09:13:55.720 [main] INFO  com.endava.extensions.TestReporterExtensions - 
finishing testCalculatorTest/shouldAddNegativeNumbers() 
After Each

]]></system-out>
  </testcase>
  <testcase name="shouldUsePowWith0Exponent" classname="com.endava.calculator.CalculatorTest" time="0">
    <system-out><![CDATA[
Before Each
09:13:55.721 [main] INFO  com.endava.extensions.TestReporterExtensions - 
 starting testCalculatorTest/shouldUsePowWith0Exponent()
09:13:55.721 [main] INFO  com.endava.extensions.TestReporterExtensions - 
finishing testCalculatorTest/shouldUsePowWith0Exponent() 
After Each

]]></system-out>
  </testcase>
  <testcase name="shouldMultiplyWithGiven0Number" classname="com.endava.calculator.CalculatorTest" time="0.001">
    <system-out><![CDATA[
Before Each
09:13:55.722 [main] INFO  com.endava.extensions.TestReporterExtensions - 
 starting testCalculatorTest/shouldMultiplyWithGiven0Number()
09:13:55.722 [main] INFO  com.endava.extensions.TestReporterExtensions - 
finishing testCalculatorTest/shouldMultiplyWithGiven0Number() 
After Each

]]></system-out>
  </testcase>
  <testcase name="shouldMultiplyBigNumbers" classname="com.endava.calculator.CalculatorTest" time="0.001">
    <system-out><![CDATA[
Before Each
09:13:55.722 [main] INFO  com.endava.extensions.TestReporterExtensions - 
 starting testCalculatorTest/shouldMultiplyBigNumbers()
09:13:55.722 [main] INFO  com.endava.extensions.TestReporterExtensions - 
finishing testCalculatorTest/shouldMultiplyBigNumbers() 
After Each

]]></system-out>
  </testcase>
</testsuite>