<?xml version="1.0" encoding="UTF-8"?>
<testsuite xmlns:xsi="http://www.w3.org/2001/XMLSchema-instance" xsi:noNamespaceSchemaLocation="https://maven.apache.org/surefire/maven-surefire-plugin/xsd/surefire-test-report-3.0.xsd" version="3.0" name="com.endava.calculator.DateTest" time="0.004" tests="1" errors="0" skipped="0" failures="1">
  <properties>
[...]
</properties>
  <testcase name="testDates" classname="com.endava.calculator.DateTest" time="0.004">
    <failure type="java.lang.AssertionError"><![CDATA[java.lang.AssertionError: 

Expected: date is not in the last five minutes
     but: was <2022-01-28T09:08:55.728651300>
	at com.endava.calculator.DateTest.testDates(DateTest.java:14)
]]></failure>
  </testcase>
</testsuite>