<?xml version="1.0" encoding="UTF-8"?>
<testsuite xmlns:xsi="http://www.w3.org/2001/XMLSchema-instance" xsi:noNamespaceSchemaLocation="https://maven.apache.org/surefire/maven-failsafe-plugin/xsd/failsafe-test-report-3.0.xsd" version="3.0" name="com.endava.calculator.CalculatorIT" time="0.183" tests="23" errors="1" skipped="0" failures="0">
  <properties>
    <property name="sun.desktop" value="windows"/>
    <property name="awt.toolkit" value="sun.awt.windows.WToolkit"/>
    <property name="java.specification.version" value="11"/>
    <property name="sun.cpu.isalist" value="amd64"/>
    <property name="sun.jnu.encoding" value="Cp1252"/>
    <property name="java.class.path" value="C:\sourceCode\mavenCalc\target\test-classes;C:\Users\PDiaconescu\.m2\repository\commons-io\commons-io\2.11.0\commons-io-2.11.0.jar;C:\Users\PDiaconescu\.m2\repository\org\apache\commons\commons-lang3\3.12.0\commons-lang3-3.12.0.jar;C:\Users\PDiaconescu\.m2\repository\org\apache\logging\log4j\log4j-core\2.17.1\log4j-core-2.17.1.jar;C:\Users\PDiaconescu\.m2\repository\org\apache\logging\log4j\log4j-api\2.17.1\log4j-api-2.17.1.jar;C:\Users\PDiaconescu\.m2\repository\com\google\code\gson\gson\2.8.9\gson-2.8.9.jar;C:\Users\PDiaconescu\.m2\repository\com\fasterxml\jackson\core\jackson-databind\2.13.1\jackson-databind-2.13.1.jar;C:\Users\PDiaconescu\.m2\repository\com\fasterxml\jackson\core\jackson-annotations\2.13.1\jackson-annotations-2.13.1.jar;C:\Users\PDiaconescu\.m2\repository\com\fasterxml\jackson\core\jackson-core\2.13.1\jackson-core-2.13.1.jar;C:\Users\PDiaconescu\.m2\repository\commons-dbutils\commons-dbutils\1.7\commons-dbutils-1.7.jar;C:\Users\PDiaconescu\.m2\repository\mysql\mysql-connector-java\8.0.28\mysql-connector-java-8.0.28.jar;C:\Users\PDiaconescu\.m2\repository\com\google\protobuf\protobuf-java\3.11.4\protobuf-java-3.11.4.jar;C:\Users\PDiaconescu\.m2\repository\org\junit\jupiter\junit-jupiter-params\5.8.2\junit-jupiter-params-5.8.2.jar;C:\Users\PDiaconescu\.m2\repository\org\apiguardian\apiguardian-api\1.1.2\apiguardian-api-1.1.2.jar;C:\Users\PDiaconescu\.m2\repository\org\junit\jupiter\junit-jupiter-api\5.8.2\junit-jupiter-api-5.8.2.jar;C:\Users\PDiaconescu\.m2\repository\org\opentest4j\opentest4j\1.2.0\opentest4j-1.2.0.jar;C:\Users\PDiaconescu\.m2\repository\org\junit\platform\junit-platform-commons\1.8.2\junit-platform-commons-1.8.2.jar;"/>
    <property name="java.vm.vendor" value="Azul Systems, Inc."/>
    <property name="sun.arch.data.model" value="64"/>
    <property name="user.variant" value=""/>
    <property name="java.vendor.url" value="http://www.azul.com/"/>
    <property name="user.timezone" value="Europe/Athens"/>
    <property name="java.vm.specification.version" value="11"/>
    <property name="os.name" value="Windows 10"/>
    <property name="sun.java.launcher" value="SUN_STANDARD"/>
    <property name="user.country" value="US"/>
    <property name="sun.boot.library.path" value="C:\Program Files\Zulu\zulu-11\bin"/>
    <property name="sun.java.command" value="org.apache.maven.surefire.booter.ForkedBooter C:\Users\PDiaconescu\AppData\Local\Temp\surefire16396057879797210045 2022-01-26T17-22-53_030-jvmRun1 surefire3964360769352418959tmp surefire_09100013221467981373tmp"/>
    <property name="jdk.debug" value="release"/>
    <property name="surefire.test.class.path" value="C:\sourceCode\mavenCalc\target\test-classes;C:\Users\PDiaconescu\.m2\repository\commons-io\commons-io\2.11.0\commons-io-2.11.0.jar;C:\Users\PDiaconescu\.m2\repository\org\apache\commons\commons-lang3\3.12.0\commons-lang3-3.12.0.jar;C:\Users\PDiaconescu\.m2\repository\org\apache\logging\log4j\log4j-core\2.17.1\log4j-core-2.17.1.jar;C:\Users\PDiaconescu\.m2\repository\org\apache\logging\log4j\log4j-api\2.17.1\log4j-api-2.17.1.jar;C:\Users\PDiaconescu\.m2\repository\com\google\code\gson\gson\2.8.9\gson-2.8.9.jar;C:\Users\PDiaconescu\.m2\repository\com\fasterxml\jackson\core\jackson-databind\2.13.1\jackson-databind-2.13.1.jar;C:\Users\PDiaconescu\.m2\repository\com\fasterxml\jackson\core\jackson-annotations\2.13.1\jackson-annotations-2.13.1.jar;C:\Users\PDiaconescu\.m2\repository\com\fasterxml\jackson\core\jackson-core\2.13.1\jackson-core-2.13.1.jar;C:\Users\PDiaconescu\.m2\repository\commons-dbutils\commons-dbutils\1.7\commons-dbutils-1.7.jar;C:\Users\PDiaconescu\.m2\repository\mysql\mysql-connector-java\8.0.28\mysql-connector-java-8.0.28.jar;C:\Users\PDiaconescu\.m2\repository\com\google\protobuf\protobuf-java\3.11.4\protobuf-java-3.11.4.jar;C:\Users\PDiaconescu\.m2\repository\org\junit\jupiter\junit-jupiter-params\5.8.2\junit-jupiter-params-5.8.2.jar;C:\Users\PDiaconescu\.m2\repository\org\apiguardian\apiguardian-api\1.1.2\apiguardian-api-1.1.2.jar;C:\Users\PDiaconescu\.m2\repository\org\junit\jupiter\junit-jupiter-api\5.8.2\junit-jupiter-api-5.8.2.jar;C:\Users\PDiaconescu\.m2\repository\org\opentest4j\opentest4j\1.2.0\opentest4j-1.2.0.jar;C:\Users\PDiaconescu\.m2\repository\org\junit\platform\junit-platform-commons\1.8.2\junit-platform-commons-1.8.2.jar;"/>
    <property name="sun.cpu.endian" value="little"/>
    <property name="user.home" value="C:\Users\PDiaconescu"/>
    <property name="user.language" value="en"/>
    <property name="java.specification.vendor" value="Oracle Corporation"/>
    <property name="jdk.module.path" value="C:\sourceCode\mavenCalc\target\mavenCalc-1.0-SNAPSHOT.jar"/>
    <property name="java.version.date" value="2021-10-19"/>
    <property name="java.home" value="C:\Program Files\Zulu\zulu-11"/>
    <property name="file.separator" value="\"/>
    <property name="basedir" value="C:\sourceCode\mavenCalc"/>
    <property name="java.vm.compressedOopsMode" value="Zero based"/>
    <property name="line.separator" value="&#10;"/>
    <property name="java.specification.name" value="Java Platform API Specification"/>
    <property name="java.vm.specification.vendor" value="Oracle Corporation"/>
    <property name="jdk.vendor.version" value="Zulu11.52+13-CA"/>
    <property name="java.awt.graphicsenv" value="sun.awt.Win32GraphicsEnvironment"/>
    <property name="surefire.real.class.path" value="C:\Users\PDiaconescu\.m2\repository\org\apache\maven\surefire\surefire-booter\3.0.0-M5\surefire-booter-3.0.0-M5.jar;C:\Users\PDiaconescu\.m2\repository\org\apache\maven\surefire\surefire-api\3.0.0-M5\surefire-api-3.0.0-M5.jar;C:\Users\PDiaconescu\.m2\repository\org\apache\maven\surefire\surefire-logger-api\3.0.0-M5\surefire-logger-api-3.0.0-M5.jar;C:\Users\PDiaconescu\.m2\repository\org\apache\maven\surefire\surefire-shared-utils\3.0.0-M4\surefire-shared-utils-3.0.0-M4.jar;C:\Users\PDiaconescu\.m2\repository\org\apache\maven\surefire\surefire-extensions-spi\3.0.0-M5\surefire-extensions-spi-3.0.0-M5.jar;C:\sourceCode\mavenCalc\target\test-classes;C:\Users\PDiaconescu\.m2\repository\commons-io\commons-io\2.11.0\commons-io-2.11.0.jar;C:\Users\PDiaconescu\.m2\repository\org\apache\commons\commons-lang3\3.12.0\commons-lang3-3.12.0.jar;C:\Users\PDiaconescu\.m2\repository\org\apache\logging\log4j\log4j-core\2.17.1\log4j-core-2.17.1.jar;C:\Users\PDiaconescu\.m2\repository\org\apache\logging\log4j\log4j-api\2.17.1\log4j-api-2.17.1.jar;C:\Users\PDiaconescu\.m2\repository\com\google\code\gson\gson\2.8.9\gson-2.8.9.jar;C:\Users\PDiaconescu\.m2\repository\com\fasterxml\jackson\core\jackson-databind\2.13.1\jackson-databind-2.13.1.jar;C:\Users\PDiaconescu\.m2\repository\com\fasterxml\jackson\core\jackson-annotations\2.13.1\jackson-annotations-2.13.1.jar;C:\Users\PDiaconescu\.m2\repository\com\fasterxml\jackson\core\jackson-core\2.13.1\jackson-core-2.13.1.jar;C:\Users\PDiaconescu\.m2\repository\commons-dbutils\commons-dbutils\1.7\commons-dbutils-1.7.jar;C:\Users\PDiaconescu\.m2\repository\mysql\mysql-connector-java\8.0.28\mysql-connector-java-8.0.28.jar;C:\Users\PDiaconescu\.m2\repository\com\google\protobuf\protobuf-java\3.11.4\protobuf-java-3.11.4.jar;C:\Users\PDiaconescu\.m2\repository\org\junit\jupiter\junit-jupiter-params\5.8.2\junit-jupiter-params-5.8.2.jar;C:\Users\PDiaconescu\.m2\repository\org\apiguardian\apiguardian-api\1.1.2\apiguardian-api-1.1.2.jar;C:\Users\PDiaconescu\.m2\repository\org\junit\jupiter\junit-jupiter-api\5.8.2\junit-jupiter-api-5.8.2.jar;C:\Users\PDiaconescu\.m2\repository\org\opentest4j\opentest4j\1.2.0\opentest4j-1.2.0.jar;C:\Users\PDiaconescu\.m2\repository\org\junit\platform\junit-platform-commons\1.8.2\junit-platform-commons-1.8.2.jar;C:\Users\PDiaconescu\.m2\repository\org\apache\maven\surefire\surefire-junit-platform\3.0.0-M5\surefire-junit-platform-3.0.0-M5.jar;C:\Users\PDiaconescu\.m2\repository\org\apache\maven\surefire\common-java5\3.0.0-M5\common-java5-3.0.0-M5.jar;C:\Users\PDiaconescu\.m2\repository\org\junit\platform\junit-platform-launcher\1.8.2\junit-platform-launcher-1.8.2.jar;C:\Users\PDiaconescu\.m2\repository\org\junit\platform\junit-platform-engine\1.8.2\junit-platform-engine-1.8.2.jar;C:\Users\PDiaconescu\.m2\repository\org\junit\jupiter\junit-jupiter-engine\5.8.2\junit-jupiter-engine-5.8.2.jar"/>
    <property name="user.script" value=""/>
    <property name="sun.management.compiler" value="HotSpot 64-Bit Tiered Compilers"/>
    <property name="java.runtime.version" value="11.0.13+8-LTS"/>
    <property name="user.name" value="PDiaconescu"/>
    <property name="path.separator" value=";"/>
    <property name="os.version" value="10.0"/>
    <property name="java.runtime.name" value="OpenJDK Runtime Environment"/>
    <property name="file.encoding" value="Cp1252"/>
    <property name="java.vm.name" value="OpenJDK 64-Bit Server VM"/>
    <property name="java.vendor.version" value="Zulu11.52+13-CA"/>
    <property name="localRepository" value="C:\Users\PDiaconescu\.m2\repository"/>
    <property name="java.vendor.url.bug" value="http://www.azul.com/support/"/>
    <property name="java.io.tmpdir" value="C:\Users\PDIACO~1\AppData\Local\Temp\"/>
    <property name="java.version" value="11.0.13"/>
    <property name="user.dir" value="C:\sourceCode\mavenCalc"/>
    <property name="os.arch" value="amd64"/>
    <property name="java.vm.specification.name" value="Java Virtual Machine Specification"/>
    <property name="java.awt.printerjob" value="sun.awt.windows.WPrinterJob"/>
    <property name="sun.os.patch.level" value=""/>
    <property name="java.library.path" value="C:\Program Files\Zulu\zulu-11\bin;C:\WINDOWS\Sun\Java\bin;C:\WINDOWS\system32;C:\WINDOWS;C:\Users\PDiaconescu\bin;C:\Program Files\Git\mingw64\bin;C:\Program Files\Git\usr\local\bin;C:\Program Files\Git\usr\bin;C:\Program Files\Git\usr\bin;C:\Program Files\Git\mingw64\bin;C:\Program Files\Git\usr\bin;C:\Users\PDiaconescu\bin;C:\Program Files\Zulu\zulu-11\bin;C:\WINDOWS\system32;C:\WINDOWS;C:\WINDOWS\System32\Wbem;C:\WINDOWS\System32\WindowsPowerShell\v1.0;C:\WINDOWS\System32\OpenSSH;C:\Program Files\Git\cmd;C:\Users\PDiaconescu\Downloads\apache-maven-3.8.4-bin\apache-maven-3.8.4\bin;C:\Users\PDiaconescu\AppData\Local\Microsoft\WindowsApps;C:\Program Files\JetBrains\IntelliJ IDEA Community Edition 2021.3\bin;C:\Program Files\Git\usr\bin\vendor_perl;C:\Program Files\Git\usr\bin\core_perl;."/>
    <property name="java.vm.info" value="mixed mode"/>
    <property name="java.vendor" value="Azul Systems, Inc."/>
    <property name="java.vm.version" value="11.0.13+8-LTS"/>
    <property name="sun.io.unicode.encoding" value="UnicodeLittle"/>
    <property name="java.class.version" value="55.0"/>
  </properties>
  <testcase name="shouldUsePowWith0Base" classname="com.endava.calculator.CalculatorIT" time="0.026">
    <system-out><![CDATA[Before All

Before Each
17:22:54.279 [main] INFO  com.endava.extensions.TestReporterExtensions - 
 starting testCalculatorIT/shouldUsePowWith0Base()
17:22:54.283 [main] INFO  com.endava.calculator.CalculatorIT - 0.0
17:22:54.284 [main] INFO  com.endava.extensions.TestReporterExtensions - 
finishing testCalculatorIT/shouldUsePowWith0Base() 
After Each

]]></system-out>
  </testcase>
  <testcase name="shouldMultiplyNoOperands" classname="com.endava.calculator.CalculatorIT" time="0.002">
    <system-out><![CDATA[
Before Each
17:22:54.293 [main] INFO  com.endava.extensions.TestReporterExtensions - 
 starting testCalculatorIT/shouldMultiplyNoOperands()
17:22:54.293 [main] INFO  com.endava.calculator.CalculatorIT - 1
17:22:54.293 [main] INFO  com.endava.extensions.TestReporterExtensions - 
finishing testCalculatorIT/shouldMultiplyNoOperands() 
After Each

]]></system-out>
  </testcase>
  <testcase name="shouldUsePowWithExponentNegativeNumbers" classname="com.endava.calculator.CalculatorIT" time="0.002">
    <system-out><![CDATA[
Before Each
17:22:54.295 [main] INFO  com.endava.extensions.TestReporterExtensions - 
 starting testCalculatorIT/shouldUsePowWithExponentNegativeNumbers()
17:22:54.295 [main] INFO  com.endava.calculator.CalculatorIT - 0.0625
17:22:54.295 [main] INFO  com.endava.extensions.TestReporterExtensions - 
finishing testCalculatorIT/shouldUsePowWithExponentNegativeNumbers() 
After Each

]]></system-out>
  </testcase>
  <testcase name="shouldAddBigNumbers" classname="com.endava.calculator.CalculatorIT" time="0.001">
    <system-out><![CDATA[
Before Each
17:22:54.296 [main] INFO  com.endava.extensions.TestReporterExtensions - 
 starting testCalculatorIT/shouldAddBigNumbers()
2147483648
17:22:54.297 [main] INFO  com.endava.extensions.TestReporterExtensions - 
finishing testCalculatorIT/shouldAddBigNumbers() 
After Each

]]></system-out>
  </testcase>
  <testcase name="shouldAddNumberGivenOperand0(int, int)[1]" classname="com.endava.calculator.CalculatorIT" time="0.017">
    <system-out><![CDATA[
Before Each
17:22:54.314 [main] INFO  com.endava.extensions.TestReporterExtensions - 
 starting testCalculatorIT/[1] 2, 0
2
17:22:54.329 [main] INFO  com.endava.extensions.TestReporterExtensions - 
finishing testCalculatorIT/[1] 2, 0 
After Each

]]></system-out>
  </testcase>
  <testcase name="shouldAddNumberGivenOperand0(int, int)[2]" classname="com.endava.calculator.CalculatorIT" time="0.001">
    <system-out><![CDATA[
Before Each
17:22:54.333 [main] INFO  com.endava.extensions.TestReporterExtensions - 
 starting testCalculatorIT/[2] 0, 2
2
17:22:54.334 [main] INFO  com.endava.extensions.TestReporterExtensions - 
finishing testCalculatorIT/[2] 0, 2 
After Each

]]></system-out>
  </testcase>
  <testcase name="shouldMultiplyMoreThan2Operands(int, int, int)[1]" classname="com.endava.calculator.CalculatorIT" time="0.002">
    <system-out><![CDATA[
Before Each
17:22:54.405 [main] INFO  com.endava.extensions.TestReporterExtensions - 
 starting testCalculatorIT/[1] 1, 2, 3
17:22:54.405 [main] INFO  com.endava.calculator.CalculatorIT - 6
17:22:54.406 [main] INFO  com.endava.extensions.TestReporterExtensions - 
finishing testCalculatorIT/[1] 1, 2, 3 
After Each

]]></system-out>
  </testcase>
  <testcase name="shouldMultiplyMoreThan2Operands(int, int, int)[2]" classname="com.endava.calculator.CalculatorIT" time="0.001">
    <system-out><![CDATA[
Before Each
17:22:54.407 [main] INFO  com.endava.extensions.TestReporterExtensions - 
 starting testCalculatorIT/[2] 2, 4, 5
17:22:54.408 [main] INFO  com.endava.calculator.CalculatorIT - 40
17:22:54.408 [main] INFO  com.endava.extensions.TestReporterExtensions - 
finishing testCalculatorIT/[2] 2, 4, 5 
After Each

]]></system-out>
  </testcase>
  <testcase name="shouldMultiplyMoreThan2Operands(int, int, int)[3]" classname="com.endava.calculator.CalculatorIT" time="0.001">
    <system-out><![CDATA[
Before Each
17:22:54.408 [main] INFO  com.endava.extensions.TestReporterExtensions - 
 starting testCalculatorIT/[3] 6, 7, 8
17:22:54.408 [main] INFO  com.endava.calculator.CalculatorIT - 336
17:22:54.408 [main] INFO  com.endava.extensions.TestReporterExtensions - 
finishing testCalculatorIT/[3] 6, 7, 8 
After Each

]]></system-out>
  </testcase>
  <testcase name="shouldAddNoOperands" classname="com.endava.calculator.CalculatorIT" time="0.001">
    <system-out><![CDATA[
Before Each
17:22:54.409 [main] INFO  com.endava.extensions.TestReporterExtensions - 
 starting testCalculatorIT/shouldAddNoOperands()
0
17:22:54.410 [main] INFO  com.endava.extensions.TestReporterExtensions - 
finishing testCalculatorIT/shouldAddNoOperands() 
After Each

]]></system-out>
  </testcase>
  <testcase name="shouldMultiplyWithNegativeNumbers" classname="com.endava.calculator.CalculatorIT" time="0.001">
    <system-out><![CDATA[
Before Each
17:22:54.410 [main] INFO  com.endava.extensions.TestReporterExtensions - 
 starting testCalculatorIT/shouldMultiplyWithNegativeNumbers()
17:22:54.411 [main] INFO  com.endava.calculator.CalculatorIT - 8
17:22:54.411 [main] INFO  com.endava.extensions.TestReporterExtensions - 
finishing testCalculatorIT/shouldMultiplyWithNegativeNumbers() 
After Each

]]></system-out>
  </testcase>
  <testcase name="shouldFactorialWith0" classname="com.endava.calculator.CalculatorIT" time="0.001">
    <system-out><![CDATA[
Before Each
17:22:54.411 [main] INFO  com.endava.extensions.TestReporterExtensions - 
 starting testCalculatorIT/shouldFactorialWith0()
17:22:54.411 [main] INFO  com.endava.calculator.CalculatorIT - 1.0
17:22:54.412 [main] INFO  com.endava.extensions.TestReporterExtensions - 
finishing testCalculatorIT/shouldFactorialWith0() 
After Each

]]></system-out>
  </testcase>
  <testcase name="shouldFactorialWithPositive" classname="com.endava.calculator.CalculatorIT" time="0.001">
    <system-out><![CDATA[
Before Each
17:22:54.412 [main] INFO  com.endava.extensions.TestReporterExtensions - 
 starting testCalculatorIT/shouldFactorialWithPositive()
17:22:54.412 [main] INFO  com.endava.calculator.CalculatorIT - 2.0
17:22:54.413 [main] INFO  com.endava.extensions.TestReporterExtensions - 
finishing testCalculatorIT/shouldFactorialWithPositive() 
After Each

]]></system-out>
  </testcase>
  <testcase name="shouldFactorialWithNegative" classname="com.endava.calculator.CalculatorIT" time="0.001">
    <error type="java.lang.IllegalArgumentException"><![CDATA[java.lang.IllegalArgumentException: You can not calculate factorial from negative number
	at mavenCalc@1.0-SNAPSHOT/com.endava.calculator.CalculatorIT.shouldFactorialWithNegative(CalculatorIT.java:231)
]]></error>
    <system-out><![CDATA[
Before Each
17:22:54.413 [main] INFO  com.endava.extensions.TestReporterExtensions - 
 starting testCalculatorIT/shouldFactorialWithNegative()
17:22:54.414 [main] INFO  com.endava.extensions.TestReporterExtensions - 
finishing testCalculatorIT/shouldFactorialWithNegative() 
After Each

]]></system-out>
  </testcase>
  <testcase name="shouldAddMoreThan2Operands(int, int, int)[1]" classname="com.endava.calculator.CalculatorIT" time="0.001">
    <system-out><![CDATA[
Before Each
17:22:54.420 [main] INFO  com.endava.extensions.TestReporterExtensions - 
 starting testCalculatorIT/[1] 1, 2, 3
6
17:22:54.420 [main] INFO  com.endava.extensions.TestReporterExtensions - 
finishing testCalculatorIT/[1] 1, 2, 3 
After Each

]]></system-out>
  </testcase>
  <testcase name="shouldAddMoreThan2Operands(int, int, int)[2]" classname="com.endava.calculator.CalculatorIT" time="0.001">
    <system-out><![CDATA[
Before Each
17:22:54.422 [main] INFO  com.endava.extensions.TestReporterExtensions - 
 starting testCalculatorIT/[2] 2, 4, 5
11
17:22:54.422 [main] INFO  com.endava.extensions.TestReporterExtensions - 
finishing testCalculatorIT/[2] 2, 4, 5 
After Each

]]></system-out>
  </testcase>
  <testcase name="shouldAddMoreThan2Operands(int, int, int)[3]" classname="com.endava.calculator.CalculatorIT" time="0">
    <system-out><![CDATA[
Before Each
17:22:54.423 [main] INFO  com.endava.extensions.TestReporterExtensions - 
 starting testCalculatorIT/[3] 6, 7, 8
21
17:22:54.423 [main] INFO  com.endava.extensions.TestReporterExtensions - 
finishing testCalculatorIT/[3] 6, 7, 8 
After Each

]]></system-out>
  </testcase>
  <testcase name="shouldMultiply1Operands" classname="com.endava.calculator.CalculatorIT" time="0">
    <system-out><![CDATA[
Before Each
17:22:54.424 [main] INFO  com.endava.extensions.TestReporterExtensions - 
 starting testCalculatorIT/shouldMultiply1Operands()
17:22:54.424 [main] INFO  com.endava.calculator.CalculatorIT - 2
17:22:54.424 [main] INFO  com.endava.extensions.TestReporterExtensions - 
finishing testCalculatorIT/shouldMultiply1Operands() 
After Each

]]></system-out>
  </testcase>
  <testcase name="shouldAdd1Operands" classname="com.endava.calculator.CalculatorIT" time="0">
    <system-out><![CDATA[
Before Each
17:22:54.425 [main] INFO  com.endava.extensions.TestReporterExtensions - 
 starting testCalculatorIT/shouldAdd1Operands()
167
17:22:54.425 [main] INFO  com.endava.extensions.TestReporterExtensions - 
finishing testCalculatorIT/shouldAdd1Operands() 
After Each

]]></system-out>
  </testcase>
  <testcase name="shouldAddNegativeNumbers" classname="com.endava.calculator.CalculatorIT" time="0.001">
    <system-out><![CDATA[
Before Each
17:22:54.427 [main] INFO  com.endava.extensions.TestReporterExtensions - 
 starting testCalculatorIT/shouldAddNegativeNumbers()
-6
17:22:54.427 [main] INFO  com.endava.extensions.TestReporterExtensions - 
finishing testCalculatorIT/shouldAddNegativeNumbers() 
After Each

]]></system-out>
  </testcase>
  <testcase name="shouldUsePowWith0Exponent" classname="com.endava.calculator.CalculatorIT" time="0.001">
    <system-out><![CDATA[
Before Each
17:22:54.427 [main] INFO  com.endava.extensions.TestReporterExtensions - 
 starting testCalculatorIT/shouldUsePowWith0Exponent()
17:22:54.428 [main] INFO  com.endava.calculator.CalculatorIT - 1.0
17:22:54.428 [main] INFO  com.endava.extensions.TestReporterExtensions - 
finishing testCalculatorIT/shouldUsePowWith0Exponent() 
After Each

]]></system-out>
  </testcase>
  <testcase name="shouldMultiplyWithGiven0Number" classname="com.endava.calculator.CalculatorIT" time="0">
    <system-out><![CDATA[
Before Each
17:22:54.429 [main] INFO  com.endava.extensions.TestReporterExtensions - 
 starting testCalculatorIT/shouldMultiplyWithGiven0Number()
17:22:54.429 [main] INFO  com.endava.calculator.CalculatorIT - 0
17:22:54.429 [main] INFO  com.endava.extensions.TestReporterExtensions - 
finishing testCalculatorIT/shouldMultiplyWithGiven0Number() 
After Each

]]></system-out>
  </testcase>
  <testcase name="shouldMultiplyBigNumbers" classname="com.endava.calculator.CalculatorIT" time="0">
    <system-out><![CDATA[
Before Each
17:22:54.430 [main] INFO  com.endava.extensions.TestReporterExtensions - 
 starting testCalculatorIT/shouldMultiplyBigNumbers()
17:22:54.430 [main] INFO  com.endava.calculator.CalculatorIT - 2147483647
17:22:54.430 [main] INFO  com.endava.extensions.TestReporterExtensions - 
finishing testCalculatorIT/shouldMultiplyBigNumbers() 
After Each

]]></system-out>
  </testcase>
</testsuite>